{"C:\\Users\\User\\Desktop\\KuduNav-Rental\\src\\index.js": {"path":"C:\\Users\\User\\Desktop\\KuduNav-Rental\\src\\index.js","statementMap":{"0":{"start":{"line":39,"column":0},"end":{"line":39,"column":16}},"1":{"start":{"line":44,"column":12},"end":{"line":44,"column":21}},"2":{"start":{"line":47,"column":0},"end":{"line":64,"column":5}},"3":{"start":{"line":49,"column":4},"end":{"line":49,"column":51}},"4":{"start":{"line":50,"column":4},"end":{"line":53,"column":6}},"5":{"start":{"line":54,"column":4},"end":{"line":57,"column":6}},"6":{"start":{"line":58,"column":4},"end":{"line":58,"column":57}},"7":{"start":{"line":59,"column":4},"end":{"line":63,"column":5}},"8":{"start":{"line":60,"column":6},"end":{"line":60,"column":26}},"9":{"start":{"line":62,"column":6},"end":{"line":62,"column":13}},"10":{"start":{"line":67,"column":20},"end":{"line":76,"column":1}},"11":{"start":{"line":69,"column":4},"end":{"line":75,"column":5}},"12":{"start":{"line":70,"column":22},"end":{"line":70,"column":62}},"13":{"start":{"line":71,"column":8},"end":{"line":71,"column":28}},"14":{"start":{"line":73,"column":8},"end":{"line":73,"column":32}},"15":{"start":{"line":74,"column":8},"end":{"line":74,"column":19}},"16":{"start":{"line":79,"column":0},"end":{"line":91,"column":5}},"17":{"start":{"line":80,"column":4},"end":{"line":88,"column":18}},"18":{"start":{"line":81,"column":27},"end":{"line":81,"column":51}},"19":{"start":{"line":82,"column":22},"end":{"line":82,"column":46}},"20":{"start":{"line":83,"column":20},"end":{"line":83,"column":44}},"21":{"start":{"line":85,"column":6},"end":{"line":87,"column":7}},"22":{"start":{"line":86,"column":8},"end":{"line":86,"column":24}},"23":{"start":{"line":90,"column":4},"end":{"line":90,"column":11}},"24":{"start":{"line":94,"column":0},"end":{"line":94,"column":24}},"25":{"start":{"line":98,"column":0},"end":{"line":98,"column":28}},"26":{"start":{"line":99,"column":0},"end":{"line":99,"column":32}},"27":{"start":{"line":100,"column":0},"end":{"line":100,"column":27}},"28":{"start":{"line":101,"column":0},"end":{"line":101,"column":22}}},"fnMap":{"0":{"name":"(anonymous_0)","decl":{"start":{"line":47,"column":13},"end":{"line":47,"column":14}},"loc":{"start":{"line":47,"column":39},"end":{"line":64,"column":3}},"line":47},"1":{"name":"(anonymous_1)","decl":{"start":{"line":67,"column":20},"end":{"line":67,"column":21}},"loc":{"start":{"line":67,"column":31},"end":{"line":76,"column":1}},"line":67},"2":{"name":"(anonymous_2)","decl":{"start":{"line":79,"column":13},"end":{"line":79,"column":14}},"loc":{"start":{"line":79,"column":39},"end":{"line":91,"column":3}},"line":79}},"branchMap":{"0":{"loc":{"start":{"line":59,"column":4},"end":{"line":63,"column":5}},"type":"if","locations":[{"start":{"line":59,"column":4},"end":{"line":63,"column":5}},{"start":{"line":61,"column":11},"end":{"line":63,"column":5}}],"line":59},"1":{"loc":{"start":{"line":83,"column":20},"end":{"line":83,"column":44}},"type":"binary-expr","locations":[{"start":{"line":83,"column":20},"end":{"line":83,"column":36}},{"start":{"line":83,"column":40},"end":{"line":83,"column":44}}],"line":83},"2":{"loc":{"start":{"line":85,"column":6},"end":{"line":87,"column":7}},"type":"if","locations":[{"start":{"line":85,"column":6},"end":{"line":87,"column":7}},{"start":{},"end":{}}],"line":85}},"s":{"0":1,"1":1,"2":1,"3":10,"4":10,"5":10,"6":10,"7":10,"8":0,"9":10,"10":1,"11":0,"12":0,"13":0,"14":0,"15":0,"16":1,"17":10,"18":10,"19":10,"20":0,"21":0,"22":0,"23":10,"24":1,"25":1,"26":1,"27":1,"28":1},"f":{"0":10,"1":0,"2":10},"b":{"0":[0,10],"1":[0,0],"2":[0,0]},"_coverageSchema":"1a1c01bbd47fc00a2c39e90264f33305004495a9","hash":"5aa829cc765e3598c6c2d4c67d221973bab62861"}
,"C:\\Users\\User\\Desktop\\KuduNav-Rental\\src\\models\\rental.js": {"path":"C:\\Users\\User\\Desktop\\KuduNav-Rental\\src\\models\\rental.js","statementMap":{"0":{"start":{"line":3,"column":21},"end":{"line":8,"column":2}},"1":{"start":{"line":10,"column":15},"end":{"line":10,"column":53}}},"fnMap":{},"branchMap":{},"s":{"0":1,"1":1},"f":{},"b":{},"_coverageSchema":"1a1c01bbd47fc00a2c39e90264f33305004495a9","hash":"c852bd211caffd60901019ca746eef1cea7a6dbb"}
,"C:\\Users\\User\\Desktop\\KuduNav-Rental\\src\\models\\reservation.js": {"path":"C:\\Users\\User\\Desktop\\KuduNav-Rental\\src\\models\\reservation.js","statementMap":{"0":{"start":{"line":3,"column":26},"end":{"line":12,"column":2}},"1":{"start":{"line":14,"column":20},"end":{"line":14,"column":68}}},"fnMap":{},"branchMap":{},"s":{"0":1,"1":1},"f":{},"b":{},"_coverageSchema":"1a1c01bbd47fc00a2c39e90264f33305004495a9","hash":"a2693afa7999aad3d8ed061fb34a4fcd1032137c"}
,"C:\\Users\\User\\Desktop\\KuduNav-Rental\\src\\models\\vehicles.js": {"path":"C:\\Users\\User\\Desktop\\KuduNav-Rental\\src\\models\\vehicles.js","statementMap":{"0":{"start":{"line":3,"column":23},"end":{"line":7,"column":2}},"1":{"start":{"line":9,"column":17},"end":{"line":9,"column":59}}},"fnMap":{},"branchMap":{},"s":{"0":1,"1":1},"f":{},"b":{},"_coverageSchema":"1a1c01bbd47fc00a2c39e90264f33305004495a9","hash":"eda635ce559f96495c968ac235712c295b8bbaf8"}
,"C:\\Users\\User\\Desktop\\KuduNav-Rental\\src\\routes\\rentalRoutes.js": {"path":"C:\\Users\\User\\Desktop\\KuduNav-Rental\\src\\routes\\rentalRoutes.js","statementMap":{"0":{"start":{"line":6,"column":15},"end":{"line":6,"column":31}},"1":{"start":{"line":9,"column":0},"end":{"line":16,"column":3}},"2":{"start":{"line":10,"column":2},"end":{"line":15,"column":3}},"3":{"start":{"line":11,"column":20},"end":{"line":11,"column":39}},"4":{"start":{"line":12,"column":4},"end":{"line":12,"column":34}},"5":{"start":{"line":14,"column":4},"end":{"line":14,"column":32}},"6":{"start":{"line":19,"column":0},"end":{"line":70,"column":3}},"7":{"start":{"line":20,"column":35},"end":{"line":20,"column":43}},"8":{"start":{"line":22,"column":2},"end":{"line":69,"column":3}},"9":{"start":{"line":24,"column":26},"end":{"line":24,"column":132}},"10":{"start":{"line":25,"column":4},"end":{"line":27,"column":5}},"11":{"start":{"line":26,"column":6},"end":{"line":26,"column":66}},"12":{"start":{"line":30,"column":30},"end":{"line":30,"column":66}},"13":{"start":{"line":31,"column":4},"end":{"line":33,"column":5}},"14":{"start":{"line":32,"column":6},"end":{"line":32,"column":71}},"15":{"start":{"line":36,"column":4},"end":{"line":38,"column":5}},"16":{"start":{"line":37,"column":6},"end":{"line":37,"column":70}},"17":{"start":{"line":41,"column":30},"end":{"line":41,"column":84}},"18":{"start":{"line":44,"column":4},"end":{"line":46,"column":5}},"19":{"start":{"line":45,"column":6},"end":{"line":45,"column":88}},"20":{"start":{"line":49,"column":28},"end":{"line":49,"column":48}},"21":{"start":{"line":50,"column":4},"end":{"line":50,"column":38}},"22":{"start":{"line":51,"column":4},"end":{"line":51,"column":33}},"23":{"start":{"line":54,"column":22},"end":{"line":57,"column":6}},"24":{"start":{"line":58,"column":4},"end":{"line":58,"column":27}},"25":{"start":{"line":61,"column":4},"end":{"line":65,"column":7}},"26":{"start":{"line":67,"column":4},"end":{"line":67,"column":25}},"27":{"start":{"line":68,"column":4},"end":{"line":68,"column":61}},"28":{"start":{"line":73,"column":0},"end":{"line":84,"column":3}},"29":{"start":{"line":74,"column":17},"end":{"line":74,"column":27}},"30":{"start":{"line":75,"column":2},"end":{"line":83,"column":3}},"31":{"start":{"line":76,"column":19},"end":{"line":76,"column":44}},"32":{"start":{"line":77,"column":4},"end":{"line":79,"column":5}},"33":{"start":{"line":78,"column":6},"end":{"line":78,"column":36}},"34":{"start":{"line":80,"column":4},"end":{"line":80,"column":33}},"35":{"start":{"line":82,"column":4},"end":{"line":82,"column":32}},"36":{"start":{"line":87,"column":0},"end":{"line":98,"column":3}},"37":{"start":{"line":88,"column":17},"end":{"line":88,"column":27}},"38":{"start":{"line":89,"column":2},"end":{"line":97,"column":3}},"39":{"start":{"line":90,"column":19},"end":{"line":90,"column":78}},"40":{"start":{"line":91,"column":4},"end":{"line":93,"column":5}},"41":{"start":{"line":92,"column":6},"end":{"line":92,"column":36}},"42":{"start":{"line":94,"column":4},"end":{"line":94,"column":33}},"43":{"start":{"line":96,"column":4},"end":{"line":96,"column":32}},"44":{"start":{"line":101,"column":0},"end":{"line":134,"column":3}},"45":{"start":{"line":102,"column":17},"end":{"line":102,"column":27}},"46":{"start":{"line":103,"column":22},"end":{"line":103,"column":30}},"47":{"start":{"line":105,"column":2},"end":{"line":133,"column":3}},"48":{"start":{"line":107,"column":19},"end":{"line":107,"column":44}},"49":{"start":{"line":108,"column":4},"end":{"line":110,"column":5}},"50":{"start":{"line":109,"column":6},"end":{"line":109,"column":67}},"51":{"start":{"line":113,"column":20},"end":{"line":113,"column":60}},"52":{"start":{"line":114,"column":4},"end":{"line":116,"column":5}},"53":{"start":{"line":115,"column":6},"end":{"line":115,"column":68}},"54":{"start":{"line":119,"column":4},"end":{"line":119,"column":29}},"55":{"start":{"line":120,"column":4},"end":{"line":120,"column":30}},"56":{"start":{"line":121,"column":4},"end":{"line":121,"column":25}},"57":{"start":{"line":124,"column":4},"end":{"line":124,"column":35}},"58":{"start":{"line":125,"column":4},"end":{"line":125,"column":29}},"59":{"start":{"line":128,"column":4},"end":{"line":128,"column":39}},"60":{"start":{"line":130,"column":4},"end":{"line":130,"column":80}},"61":{"start":{"line":132,"column":4},"end":{"line":132,"column":51}}},"fnMap":{"0":{"name":"(anonymous_0)","decl":{"start":{"line":9,"column":23},"end":{"line":9,"column":24}},"loc":{"start":{"line":9,"column":43},"end":{"line":16,"column":1}},"line":9},"1":{"name":"(anonymous_1)","decl":{"start":{"line":19,"column":28},"end":{"line":19,"column":29}},"loc":{"start":{"line":19,"column":48},"end":{"line":70,"column":1}},"line":19},"2":{"name":"(anonymous_2)","decl":{"start":{"line":73,"column":27},"end":{"line":73,"column":28}},"loc":{"start":{"line":73,"column":47},"end":{"line":84,"column":1}},"line":73},"3":{"name":"(anonymous_3)","decl":{"start":{"line":87,"column":34},"end":{"line":87,"column":35}},"loc":{"start":{"line":87,"column":54},"end":{"line":98,"column":1}},"line":87},"4":{"name":"(anonymous_4)","decl":{"start":{"line":101,"column":34},"end":{"line":101,"column":35}},"loc":{"start":{"line":101,"column":54},"end":{"line":134,"column":1}},"line":101}},"branchMap":{"0":{"loc":{"start":{"line":25,"column":4},"end":{"line":27,"column":5}},"type":"if","locations":[{"start":{"line":25,"column":4},"end":{"line":27,"column":5}},{"start":{},"end":{}}],"line":25},"1":{"loc":{"start":{"line":31,"column":4},"end":{"line":33,"column":5}},"type":"if","locations":[{"start":{"line":31,"column":4},"end":{"line":33,"column":5}},{"start":{},"end":{}}],"line":31},"2":{"loc":{"start":{"line":36,"column":4},"end":{"line":38,"column":5}},"type":"if","locations":[{"start":{"line":36,"column":4},"end":{"line":38,"column":5}},{"start":{},"end":{}}],"line":36},"3":{"loc":{"start":{"line":44,"column":4},"end":{"line":46,"column":5}},"type":"if","locations":[{"start":{"line":44,"column":4},"end":{"line":46,"column":5}},{"start":{},"end":{}}],"line":44},"4":{"loc":{"start":{"line":77,"column":4},"end":{"line":79,"column":5}},"type":"if","locations":[{"start":{"line":77,"column":4},"end":{"line":79,"column":5}},{"start":{},"end":{}}],"line":77},"5":{"loc":{"start":{"line":91,"column":4},"end":{"line":93,"column":5}},"type":"if","locations":[{"start":{"line":91,"column":4},"end":{"line":93,"column":5}},{"start":{},"end":{}}],"line":91},"6":{"loc":{"start":{"line":108,"column":4},"end":{"line":110,"column":5}},"type":"if","locations":[{"start":{"line":108,"column":4},"end":{"line":110,"column":5}},{"start":{},"end":{}}],"line":108},"7":{"loc":{"start":{"line":114,"column":4},"end":{"line":116,"column":5}},"type":"if","locations":[{"start":{"line":114,"column":4},"end":{"line":116,"column":5}},{"start":{},"end":{}}],"line":114}},"s":{"0":1,"1":1,"2":0,"3":0,"4":0,"5":0,"6":1,"7":2,"8":2,"9":2,"10":2,"11":0,"12":2,"13":2,"14":0,"15":2,"16":0,"17":2,"18":2,"19":1,"20":1,"21":1,"22":1,"23":1,"24":1,"25":1,"26":0,"27":0,"28":1,"29":1,"30":1,"31":1,"32":1,"33":0,"34":1,"35":0,"36":1,"37":0,"38":0,"39":0,"40":0,"41":0,"42":0,"43":0,"44":1,"45":0,"46":0,"47":0,"48":0,"49":0,"50":0,"51":0,"52":0,"53":0,"54":0,"55":0,"56":0,"57":0,"58":0,"59":0,"60":0,"61":0},"f":{"0":0,"1":2,"2":1,"3":0,"4":0},"b":{"0":[0,2],"1":[0,2],"2":[0,2],"3":[1,1],"4":[0,1],"5":[0,0],"6":[0,0],"7":[0,0]},"_coverageSchema":"1a1c01bbd47fc00a2c39e90264f33305004495a9","hash":"4e3a69ac3c2c470786e399d7480d0f95cacad1bc"}
,"C:\\Users\\User\\Desktop\\KuduNav-Rental\\src\\routes\\reservationRoutes.js": {"path":"C:\\Users\\User\\Desktop\\KuduNav-Rental\\src\\routes\\reservationRoutes.js","statementMap":{"0":{"start":{"line":5,"column":15},"end":{"line":5,"column":31}},"1":{"start":{"line":8,"column":0},"end":{"line":59,"column":3}},"2":{"start":{"line":9,"column":35},"end":{"line":9,"column":43}},"3":{"start":{"line":11,"column":2},"end":{"line":58,"column":3}},"4":{"start":{"line":13,"column":26},"end":{"line":13,"column":132}},"5":{"start":{"line":14,"column":4},"end":{"line":16,"column":5}},"6":{"start":{"line":15,"column":6},"end":{"line":15,"column":66}},"7":{"start":{"line":19,"column":30},"end":{"line":19,"column":66}},"8":{"start":{"line":20,"column":4},"end":{"line":22,"column":5}},"9":{"start":{"line":21,"column":6},"end":{"line":21,"column":71}},"10":{"start":{"line":25,"column":4},"end":{"line":27,"column":5}},"11":{"start":{"line":26,"column":6},"end":{"line":26,"column":70}},"12":{"start":{"line":30,"column":30},"end":{"line":30,"column":84}},"13":{"start":{"line":33,"column":4},"end":{"line":35,"column":5}},"14":{"start":{"line":34,"column":6},"end":{"line":34,"column":88}},"15":{"start":{"line":38,"column":28},"end":{"line":38,"column":48}},"16":{"start":{"line":39,"column":4},"end":{"line":39,"column":38}},"17":{"start":{"line":40,"column":4},"end":{"line":40,"column":33}},"18":{"start":{"line":43,"column":27},"end":{"line":46,"column":6}},"19":{"start":{"line":47,"column":4},"end":{"line":47,"column":32}},"20":{"start":{"line":50,"column":4},"end":{"line":54,"column":7}},"21":{"start":{"line":56,"column":4},"end":{"line":56,"column":25}},"22":{"start":{"line":57,"column":4},"end":{"line":57,"column":61}},"23":{"start":{"line":64,"column":0},"end":{"line":71,"column":3}},"24":{"start":{"line":65,"column":2},"end":{"line":70,"column":3}},"25":{"start":{"line":66,"column":25},"end":{"line":66,"column":49}},"26":{"start":{"line":67,"column":4},"end":{"line":67,"column":39}},"27":{"start":{"line":69,"column":4},"end":{"line":69,"column":32}},"28":{"start":{"line":74,"column":0},"end":{"line":85,"column":3}},"29":{"start":{"line":75,"column":17},"end":{"line":75,"column":27}},"30":{"start":{"line":76,"column":2},"end":{"line":84,"column":3}},"31":{"start":{"line":77,"column":24},"end":{"line":77,"column":54}},"32":{"start":{"line":78,"column":4},"end":{"line":80,"column":5}},"33":{"start":{"line":79,"column":6},"end":{"line":79,"column":36}},"34":{"start":{"line":81,"column":4},"end":{"line":81,"column":38}},"35":{"start":{"line":83,"column":4},"end":{"line":83,"column":32}},"36":{"start":{"line":88,"column":0},"end":{"line":99,"column":3}},"37":{"start":{"line":89,"column":17},"end":{"line":89,"column":27}},"38":{"start":{"line":90,"column":2},"end":{"line":98,"column":3}},"39":{"start":{"line":91,"column":24},"end":{"line":91,"column":88}},"40":{"start":{"line":92,"column":4},"end":{"line":94,"column":5}},"41":{"start":{"line":93,"column":6},"end":{"line":93,"column":36}},"42":{"start":{"line":95,"column":4},"end":{"line":95,"column":38}},"43":{"start":{"line":97,"column":4},"end":{"line":97,"column":32}},"44":{"start":{"line":102,"column":0},"end":{"line":113,"column":3}},"45":{"start":{"line":103,"column":17},"end":{"line":103,"column":27}},"46":{"start":{"line":104,"column":2},"end":{"line":112,"column":3}},"47":{"start":{"line":105,"column":24},"end":{"line":105,"column":63}},"48":{"start":{"line":106,"column":4},"end":{"line":108,"column":5}},"49":{"start":{"line":107,"column":6},"end":{"line":107,"column":36}},"50":{"start":{"line":109,"column":4},"end":{"line":109,"column":60}},"51":{"start":{"line":111,"column":4},"end":{"line":111,"column":32}},"52":{"start":{"line":116,"column":0},"end":{"line":164,"column":3}},"53":{"start":{"line":117,"column":28},"end":{"line":117,"column":36}},"54":{"start":{"line":119,"column":2},"end":{"line":163,"column":3}},"55":{"start":{"line":121,"column":4},"end":{"line":123,"column":5}},"56":{"start":{"line":122,"column":6},"end":{"line":122,"column":77}},"57":{"start":{"line":126,"column":24},"end":{"line":126,"column":65}},"58":{"start":{"line":129,"column":4},"end":{"line":131,"column":5}},"59":{"start":{"line":130,"column":6},"end":{"line":130,"column":72}},"60":{"start":{"line":134,"column":20},"end":{"line":134,"column":65}},"61":{"start":{"line":137,"column":4},"end":{"line":139,"column":5}},"62":{"start":{"line":138,"column":6},"end":{"line":138,"column":68}},"63":{"start":{"line":142,"column":22},"end":{"line":146,"column":6}},"64":{"start":{"line":147,"column":4},"end":{"line":147,"column":27}},"65":{"start":{"line":150,"column":4},"end":{"line":150,"column":55}},"66":{"start":{"line":153,"column":4},"end":{"line":158,"column":7}},"67":{"start":{"line":161,"column":4},"end":{"line":161,"column":25}},"68":{"start":{"line":162,"column":4},"end":{"line":162,"column":61}}},"fnMap":{"0":{"name":"(anonymous_0)","decl":{"start":{"line":8,"column":33},"end":{"line":8,"column":34}},"loc":{"start":{"line":8,"column":53},"end":{"line":59,"column":1}},"line":8},"1":{"name":"(anonymous_1)","decl":{"start":{"line":64,"column":28},"end":{"line":64,"column":29}},"loc":{"start":{"line":64,"column":48},"end":{"line":71,"column":1}},"line":64},"2":{"name":"(anonymous_2)","decl":{"start":{"line":74,"column":32},"end":{"line":74,"column":33}},"loc":{"start":{"line":74,"column":52},"end":{"line":85,"column":1}},"line":74},"3":{"name":"(anonymous_3)","decl":{"start":{"line":88,"column":32},"end":{"line":88,"column":33}},"loc":{"start":{"line":88,"column":52},"end":{"line":99,"column":1}},"line":88},"4":{"name":"(anonymous_4)","decl":{"start":{"line":102,"column":42},"end":{"line":102,"column":43}},"loc":{"start":{"line":102,"column":62},"end":{"line":113,"column":1}},"line":102},"5":{"name":"(anonymous_5)","decl":{"start":{"line":116,"column":36},"end":{"line":116,"column":37}},"loc":{"start":{"line":116,"column":56},"end":{"line":164,"column":1}},"line":116}},"branchMap":{"0":{"loc":{"start":{"line":14,"column":4},"end":{"line":16,"column":5}},"type":"if","locations":[{"start":{"line":14,"column":4},"end":{"line":16,"column":5}},{"start":{},"end":{}}],"line":14},"1":{"loc":{"start":{"line":20,"column":4},"end":{"line":22,"column":5}},"type":"if","locations":[{"start":{"line":20,"column":4},"end":{"line":22,"column":5}},{"start":{},"end":{}}],"line":20},"2":{"loc":{"start":{"line":25,"column":4},"end":{"line":27,"column":5}},"type":"if","locations":[{"start":{"line":25,"column":4},"end":{"line":27,"column":5}},{"start":{},"end":{}}],"line":25},"3":{"loc":{"start":{"line":33,"column":4},"end":{"line":35,"column":5}},"type":"if","locations":[{"start":{"line":33,"column":4},"end":{"line":35,"column":5}},{"start":{},"end":{}}],"line":33},"4":{"loc":{"start":{"line":78,"column":4},"end":{"line":80,"column":5}},"type":"if","locations":[{"start":{"line":78,"column":4},"end":{"line":80,"column":5}},{"start":{},"end":{}}],"line":78},"5":{"loc":{"start":{"line":92,"column":4},"end":{"line":94,"column":5}},"type":"if","locations":[{"start":{"line":92,"column":4},"end":{"line":94,"column":5}},{"start":{},"end":{}}],"line":92},"6":{"loc":{"start":{"line":106,"column":4},"end":{"line":108,"column":5}},"type":"if","locations":[{"start":{"line":106,"column":4},"end":{"line":108,"column":5}},{"start":{},"end":{}}],"line":106},"7":{"loc":{"start":{"line":121,"column":4},"end":{"line":123,"column":5}},"type":"if","locations":[{"start":{"line":121,"column":4},"end":{"line":123,"column":5}},{"start":{},"end":{}}],"line":121},"8":{"loc":{"start":{"line":129,"column":4},"end":{"line":131,"column":5}},"type":"if","locations":[{"start":{"line":129,"column":4},"end":{"line":131,"column":5}},{"start":{},"end":{}}],"line":129},"9":{"loc":{"start":{"line":137,"column":4},"end":{"line":139,"column":5}},"type":"if","locations":[{"start":{"line":137,"column":4},"end":{"line":139,"column":5}},{"start":{},"end":{}}],"line":137}},"s":{"0":1,"1":1,"2":1,"3":1,"4":1,"5":1,"6":0,"7":1,"8":1,"9":0,"10":1,"11":0,"12":1,"13":1,"14":0,"15":1,"16":1,"17":1,"18":1,"19":1,"20":1,"21":0,"22":0,"23":1,"24":0,"25":0,"26":0,"27":0,"28":1,"29":0,"30":0,"31":0,"32":0,"33":0,"34":0,"35":0,"36":1,"37":0,"38":0,"39":0,"40":0,"41":0,"42":0,"43":0,"44":1,"45":0,"46":0,"47":0,"48":0,"49":0,"50":0,"51":0,"52":1,"53":1,"54":1,"55":1,"56":0,"57":1,"58":1,"59":0,"60":1,"61":1,"62":0,"63":1,"64":1,"65":1,"66":1,"67":0,"68":0},"f":{"0":1,"1":0,"2":0,"3":0,"4":0,"5":1},"b":{"0":[0,1],"1":[0,1],"2":[0,1],"3":[0,1],"4":[0,0],"5":[0,0],"6":[0,0],"7":[0,1],"8":[0,1],"9":[0,1]},"_coverageSchema":"1a1c01bbd47fc00a2c39e90264f33305004495a9","hash":"7c956d17a0d36e0c20139ef23458879d5060ddd4"}
,"C:\\Users\\User\\Desktop\\KuduNav-Rental\\src\\routes\\vehicleRoutes.js": {"path":"C:\\Users\\User\\Desktop\\KuduNav-Rental\\src\\routes\\vehicleRoutes.js","statementMap":{"0":{"start":{"line":4,"column":15},"end":{"line":4,"column":31}},"1":{"start":{"line":7,"column":0},"end":{"line":14,"column":3}},"2":{"start":{"line":8,"column":2},"end":{"line":13,"column":3}},"3":{"start":{"line":9,"column":21},"end":{"line":9,"column":61}},"4":{"start":{"line":10,"column":4},"end":{"line":10,"column":23}},"5":{"start":{"line":12,"column":4},"end":{"line":12,"column":49}},"6":{"start":{"line":17,"column":0},"end":{"line":30,"column":5}},"7":{"start":{"line":18,"column":19},"end":{"line":18,"column":29}},"8":{"start":{"line":20,"column":4},"end":{"line":29,"column":5}},"9":{"start":{"line":21,"column":22},"end":{"line":21,"column":49}},"10":{"start":{"line":22,"column":6},"end":{"line":22,"column":27}},"11":{"start":{"line":23,"column":6},"end":{"line":25,"column":7}},"12":{"start":{"line":24,"column":8},"end":{"line":24,"column":70}},"13":{"start":{"line":26,"column":6},"end":{"line":26,"column":36}},"14":{"start":{"line":28,"column":6},"end":{"line":28,"column":51}},"15":{"start":{"line":33,"column":2},"end":{"line":45,"column":5}},"16":{"start":{"line":34,"column":22},"end":{"line":34,"column":32}},"17":{"start":{"line":36,"column":4},"end":{"line":44,"column":5}},"18":{"start":{"line":37,"column":22},"end":{"line":37,"column":54}},"19":{"start":{"line":38,"column":6},"end":{"line":40,"column":7}},"20":{"start":{"line":39,"column":8},"end":{"line":39,"column":86}},"21":{"start":{"line":41,"column":6},"end":{"line":41,"column":24}},"22":{"start":{"line":43,"column":6},"end":{"line":43,"column":51}},"23":{"start":{"line":49,"column":0},"end":{"line":75,"column":3}},"24":{"start":{"line":50,"column":28},"end":{"line":50,"column":36}},"25":{"start":{"line":52,"column":2},"end":{"line":54,"column":3}},"26":{"start":{"line":53,"column":4},"end":{"line":53,"column":72}},"27":{"start":{"line":57,"column":2},"end":{"line":74,"column":3}},"28":{"start":{"line":58,"column":26},"end":{"line":58,"column":132}},"29":{"start":{"line":59,"column":4},"end":{"line":61,"column":5}},"30":{"start":{"line":60,"column":6},"end":{"line":60,"column":66}},"31":{"start":{"line":64,"column":30},"end":{"line":64,"column":66}},"32":{"start":{"line":65,"column":4},"end":{"line":67,"column":5}},"33":{"start":{"line":66,"column":6},"end":{"line":66,"column":71}},"34":{"start":{"line":69,"column":23},"end":{"line":69,"column":54}},"35":{"start":{"line":70,"column":4},"end":{"line":70,"column":28}},"36":{"start":{"line":71,"column":4},"end":{"line":71,"column":90}},"37":{"start":{"line":73,"column":4},"end":{"line":73,"column":49}},"38":{"start":{"line":78,"column":0},"end":{"line":92,"column":5}},"39":{"start":{"line":79,"column":19},"end":{"line":79,"column":29}},"40":{"start":{"line":81,"column":4},"end":{"line":91,"column":5}},"41":{"start":{"line":82,"column":22},"end":{"line":82,"column":58}},"42":{"start":{"line":84,"column":6},"end":{"line":86,"column":7}},"43":{"start":{"line":85,"column":8},"end":{"line":85,"column":70}},"44":{"start":{"line":88,"column":6},"end":{"line":88,"column":81}},"45":{"start":{"line":90,"column":6},"end":{"line":90,"column":51}}},"fnMap":{"0":{"name":"(anonymous_0)","decl":{"start":{"line":7,"column":24},"end":{"line":7,"column":25}},"loc":{"start":{"line":7,"column":44},"end":{"line":14,"column":1}},"line":7},"1":{"name":"(anonymous_1)","decl":{"start":{"line":17,"column":28},"end":{"line":17,"column":29}},"loc":{"start":{"line":17,"column":48},"end":{"line":30,"column":3}},"line":17},"2":{"name":"(anonymous_2)","decl":{"start":{"line":33,"column":34},"end":{"line":33,"column":35}},"loc":{"start":{"line":33,"column":54},"end":{"line":45,"column":3}},"line":33},"3":{"name":"(anonymous_3)","decl":{"start":{"line":49,"column":29},"end":{"line":49,"column":30}},"loc":{"start":{"line":49,"column":49},"end":{"line":75,"column":1}},"line":49},"4":{"name":"(anonymous_4)","decl":{"start":{"line":78,"column":31},"end":{"line":78,"column":32}},"loc":{"start":{"line":78,"column":51},"end":{"line":92,"column":3}},"line":78}},"branchMap":{"0":{"loc":{"start":{"line":23,"column":6},"end":{"line":25,"column":7}},"type":"if","locations":[{"start":{"line":23,"column":6},"end":{"line":25,"column":7}},{"start":{},"end":{}}],"line":23},"1":{"loc":{"start":{"line":38,"column":6},"end":{"line":40,"column":7}},"type":"if","locations":[{"start":{"line":38,"column":6},"end":{"line":40,"column":7}},{"start":{},"end":{}}],"line":38},"2":{"loc":{"start":{"line":52,"column":2},"end":{"line":54,"column":3}},"type":"if","locations":[{"start":{"line":52,"column":2},"end":{"line":54,"column":3}},{"start":{},"end":{}}],"line":52},"3":{"loc":{"start":{"line":52,"column":6},"end":{"line":52,"column":23}},"type":"binary-expr","locations":[{"start":{"line":52,"column":6},"end":{"line":52,"column":11}},{"start":{"line":52,"column":15},"end":{"line":52,"column":23}}],"line":52},"4":{"loc":{"start":{"line":59,"column":4},"end":{"line":61,"column":5}},"type":"if","locations":[{"start":{"line":59,"column":4},"end":{"line":61,"column":5}},{"start":{},"end":{}}],"line":59},"5":{"loc":{"start":{"line":65,"column":4},"end":{"line":67,"column":5}},"type":"if","locations":[{"start":{"line":65,"column":4},"end":{"line":67,"column":5}},{"start":{},"end":{}}],"line":65},"6":{"loc":{"start":{"line":84,"column":6},"end":{"line":86,"column":7}},"type":"if","locations":[{"start":{"line":84,"column":6},"end":{"line":86,"column":7}},{"start":{},"end":{}}],"line":84}},"s":{"0":1,"1":1,"2":1,"3":1,"4":1,"5":0,"6":1,"7":0,"8":0,"9":0,"10":0,"11":0,"12":0,"13":0,"14":0,"15":1,"16":1,"17":1,"18":1,"19":1,"20":0,"21":1,"22":0,"23":1,"24":3,"25":3,"26":0,"27":3,"28":3,"29":3,"30":1,"31":2,"32":2,"33":1,"34":1,"35":1,"36":1,"37":0,"38":1,"39":0,"40":0,"41":0,"42":0,"43":0,"44":0,"45":0},"f":{"0":1,"1":0,"2":1,"3":3,"4":0},"b":{"0":[0,0],"1":[0,1],"2":[0,3],"3":[3,3],"4":[1,2],"5":[1,1],"6":[0,0]},"_coverageSchema":"1a1c01bbd47fc00a2c39e90264f33305004495a9","hash":"007488d1e751f788812233a7d149081e42dee8bf"}
,"C:\\Users\\User\\Desktop\\KuduNav-Rental\\src\\routes\\webhooks.js": {"path":"C:\\Users\\User\\Desktop\\KuduNav-Rental\\src\\routes\\webhooks.js","statementMap":{"0":{"start":{"line":4,"column":15},"end":{"line":4,"column":31}},"1":{"start":{"line":7,"column":0},"end":{"line":16,"column":2}},"2":{"start":{"line":8,"column":18},"end":{"line":8,"column":46}},"3":{"start":{"line":9,"column":19},"end":{"line":9,"column":45}},"4":{"start":{"line":11,"column":19},"end":{"line":11,"column":53}},"5":{"start":{"line":12,"column":4},"end":{"line":12,"column":23}},"6":{"start":{"line":13,"column":4},"end":{"line":13,"column":23}},"7":{"start":{"line":15,"column":4},"end":{"line":15,"column":14}}},"fnMap":{"0":{"name":"(anonymous_0)","decl":{"start":{"line":7,"column":25},"end":{"line":7,"column":26}},"loc":{"start":{"line":7,"column":45},"end":{"line":16,"column":1}},"line":7}},"branchMap":{},"s":{"0":1,"1":1,"2":0,"3":0,"4":0,"5":0,"6":0,"7":0},"f":{"0":0},"b":{},"_coverageSchema":"1a1c01bbd47fc00a2c39e90264f33305004495a9","hash":"19fcfcda21cc0c100898c334d992c6bca3a82e38"}
}
