TN:
SF:src\index.js
FN:47,(anonymous_0)
FN:67,(anonymous_1)
FN:79,(anonymous_2)
FNF:3
FNH:2
FNDA:10,(anonymous_0)
FNDA:0,(anonymous_1)
FNDA:10,(anonymous_2)
DA:39,1
DA:44,1
DA:47,1
DA:49,10
DA:50,10
DA:54,10
DA:58,10
DA:59,10
DA:60,0
DA:62,10
DA:67,1
DA:69,0
DA:70,0
DA:71,0
DA:73,0
DA:74,0
DA:79,1
DA:80,10
DA:81,10
DA:82,10
DA:83,0
DA:85,0
DA:86,0
DA:90,10
DA:94,1
DA:98,1
DA:99,1
DA:100,1
DA:101,1
LF:29
LH:20
BRDA:59,0,0,0
BRDA:59,0,1,10
BRDA:83,1,0,0
BRDA:83,1,1,0
BRDA:85,2,0,0
BRDA:85,2,1,0
BRF:6
BRH:1
end_of_record
TN:
SF:src\models\rental.js
FNF:0
FNH:0
DA:3,1
DA:10,1
LF:2
LH:2
BRF:0
BRH:0
end_of_record
TN:
SF:src\models\reservation.js
FNF:0
FNH:0
DA:3,1
DA:14,1
LF:2
LH:2
BRF:0
BRH:0
end_of_record
TN:
SF:src\models\vehicles.js
FNF:0
FNH:0
DA:3,1
DA:9,1
LF:2
LH:2
BRF:0
BRH:0
end_of_record
TN:
SF:src\routes\rentalRoutes.js
FN:9,(anonymous_0)
FN:19,(anonymous_1)
FN:73,(anonymous_2)
FN:87,(anonymous_3)
FN:101,(anonymous_4)
FNF:5
FNH:2
FNDA:0,(anonymous_0)
FNDA:2,(anonymous_1)
FNDA:1,(anonymous_2)
FNDA:0,(anonymous_3)
FNDA:0,(anonymous_4)
DA:6,1
DA:9,1
DA:10,0
DA:11,0
DA:12,0
DA:14,0
DA:19,1
DA:20,2
DA:22,2
DA:24,2
DA:25,2
DA:26,0
DA:30,2
DA:31,2
DA:32,0
DA:36,2
DA:37,0
DA:41,2
DA:44,2
DA:45,1
DA:49,1
DA:50,1
DA:51,1
DA:54,1
DA:58,1
DA:61,1
DA:67,0
DA:68,0
DA:73,1
DA:74,1
DA:75,1
DA:76,1
DA:77,1
DA:78,0
DA:80,1
DA:82,0
DA:87,1
DA:88,0
DA:89,0
DA:90,0
DA:91,0
DA:92,0
DA:94,0
DA:96,0
DA:101,1
DA:102,0
DA:103,0
DA:105,0
DA:107,0
DA:108,0
DA:109,0
DA:113,0
DA:114,0
DA:115,0
DA:119,0
DA:120,0
DA:121,0
DA:124,0
DA:125,0
DA:128,0
DA:130,0
DA:132,0
LF:62
LH:27
BRDA:25,0,0,0
BRDA:25,0,1,2
BRDA:31,1,0,0
BRDA:31,1,1,2
BRDA:36,2,0,0
BRDA:36,2,1,2
BRDA:44,3,0,1
BRDA:44,3,1,1
BRDA:77,4,0,0
BRDA:77,4,1,1
BRDA:91,5,0,0
BRDA:91,5,1,0
BRDA:108,6,0,0
BRDA:108,6,1,0
BRDA:114,7,0,0
BRDA:114,7,1,0
BRF:16
BRH:6
end_of_record
TN:
SF:src\routes\reservationRoutes.js
FN:8,(anonymous_0)
FN:64,(anonymous_1)
FN:74,(anonymous_2)
FN:88,(anonymous_3)
FN:102,(anonymous_4)
FN:116,(anonymous_5)
FNF:6
FNH:2
FNDA:1,(anonymous_0)
FNDA:0,(anonymous_1)
FNDA:0,(anonymous_2)
FNDA:0,(anonymous_3)
FNDA:0,(anonymous_4)
FNDA:1,(anonymous_5)
DA:5,1
DA:8,1
DA:9,1
DA:11,1
DA:13,1
DA:14,1
DA:15,0
DA:19,1
DA:20,1
DA:21,0
DA:25,1
DA:26,0
DA:30,1
DA:33,1
DA:34,0
DA:38,1
DA:39,1
DA:40,1
DA:43,1
DA:47,1
DA:50,1
DA:56,0
DA:57,0
DA:64,1
DA:65,0
DA:66,0
DA:67,0
DA:69,0
DA:74,1
DA:75,0
DA:76,0
DA:77,0
DA:78,0
DA:79,0
DA:81,0
DA:83,0
DA:88,1
DA:89,0
DA:90,0
DA:91,0
DA:92,0
DA:93,0
DA:95,0
DA:97,0
DA:102,1
DA:103,0
DA:104,0
DA:105,0
DA:106,0
DA:107,0
DA:109,0
DA:111,0
DA:116,1
DA:117,1
DA:119,1
DA:121,1
DA:122,0
DA:126,1
DA:129,1
DA:130,0
DA:134,1
DA:137,1
DA:138,0
DA:142,1
DA:147,1
DA:150,1
DA:153,1
DA:161,0
DA:162,0
LF:69
LH:33
BRDA:14,0,0,0
BRDA:14,0,1,1
BRDA:20,1,0,0
BRDA:20,1,1,1
BRDA:25,2,0,0
BRDA:25,2,1,1
BRDA:33,3,0,0
BRDA:33,3,1,1
BRDA:78,4,0,0
BRDA:78,4,1,0
BRDA:92,5,0,0
BRDA:92,5,1,0
BRDA:106,6,0,0
BRDA:106,6,1,0
BRDA:121,7,0,0
BRDA:121,7,1,1
BRDA:129,8,0,0
BRDA:129,8,1,1
BRDA:137,9,0,0
BRDA:137,9,1,1
BRF:20
BRH:7
end_of_record
TN:
SF:src\routes\vehicleRoutes.js
FN:7,(anonymous_0)
FN:17,(anonymous_1)
FN:33,(anonymous_2)
FN:49,(anonymous_3)
FN:78,(anonymous_4)
FNF:5
FNH:3
FNDA:1,(anonymous_0)
FNDA:0,(anonymous_1)
FNDA:1,(anonymous_2)
FNDA:3,(anonymous_3)
FNDA:0,(anonymous_4)
DA:4,1
DA:7,1
DA:8,1
DA:9,1
DA:10,1
DA:12,0
DA:17,1
DA:18,0
DA:20,0
DA:21,0
DA:22,0
DA:23,0
DA:24,0
DA:26,0
DA:28,0
DA:33,1
DA:34,1
DA:36,1
DA:37,1
DA:38,1
DA:39,0
DA:41,1
DA:43,0
DA:49,1
DA:50,3
DA:52,3
DA:53,0
DA:57,3
DA:58,3
DA:59,3
DA:60,1
DA:64,2
DA:65,2
DA:66,1
DA:69,1
DA:70,1
DA:71,1
DA:73,0
DA:78,1
DA:79,0
DA:81,0
DA:82,0
DA:84,0
DA:85,0
DA:88,0
DA:90,0
LF:46
LH:26
BRDA:23,0,0,0
BRDA:23,0,1,0
BRDA:38,1,0,0
BRDA:38,1,1,1
BRDA:52,2,0,0
BRDA:52,2,1,3
BRDA:52,3,0,3
BRDA:52,3,1,3
BRDA:59,4,0,1
BRDA:59,4,1,2
BRDA:65,5,0,1
BRDA:65,5,1,1
BRDA:84,6,0,0
BRDA:84,6,1,0
BRF:14
BRH:8
end_of_record
TN:
SF:src\routes\webhooks.js
FN:7,(anonymous_0)
FNF:1
FNH:0
FNDA:0,(anonymous_0)
DA:4,1
DA:7,1
DA:8,0
DA:9,0
DA:11,0
DA:12,0
DA:13,0
DA:15,0
LF:8
LH:2
BRF:0
BRH:0
end_of_record
